<?xml version="1.0" encoding="UTF-8"?>
<!-- Generated by org.testng.reporters.JUnitXMLReporter -->
<testsuite ignored="1" hostname="P7520" failures="0" tests="3" name="Default test" time="117.37" errors="0" timestamp="2023-02-14T17:22:01 IST">
  <testcase classname="tests.LoginPageTest" name="verifyInvalidLogin" time="8.631"/>
  <testcase classname="tests.LoginPageTest" name="verifyInvalidLogin" time="4.327"/>
  <testcase classname="tests.LoginPageTest" name="verifyInvalidLogin" time="1.353"/>
  <testcase classname="tests.LoginPageTest" name="verifyLogin" time="0.0">
    <ignored/>
  </testcase> <!-- verifyLogin -->
</testsuite> <!-- Default test -->
