<?xml version="1.0" encoding="UTF-8"?>
<testng-results ignored="1" total="4" passed="3" failed="0" skipped="0">
  <reporter-output>
  </reporter-output>
  <suite started-at="2023-02-14T17:20:03 IST" name="Default suite" finished-at="2023-02-14T17:22:01 IST" duration-ms="117370">
    <groups>
    </groups>
    <test started-at="2023-02-14T17:20:03 IST" name="Default test" finished-at="2023-02-14T17:22:01 IST" duration-ms="117370">
      <class name="tests.LoginPageTest">
        <test-method is-config="true" signature="setUp()[pri:0, instance:tests.LoginPageTest@67c27493]" started-at="2023-02-14T17:20:03 IST" name="setUp" finished-at="2023-02-14T17:20:45 IST" duration-ms="41766" status="PASS">
          <reporter-output>
          </reporter-output>
        </test-method> <!-- setUp -->
        <test-method signature="verifyInvalidLogin(java.lang.String,java.lang.String)[pri:0, instance:tests.LoginPageTest@67c27493]" started-at="2023-02-14T17:20:45 IST" name="verifyInvalidLogin" data-provider="getCredentials" finished-at="2023-02-14T17:20:54 IST" duration-ms="8631" status="PASS">
          <params>
            <param index="0">
              <value>
                <![CDATA[abc]]>
              </value>
            </param>
            <param index="1">
              <value>
                <![CDATA[abc]]>
              </value>
            </param>
          </params>
          <reporter-output>
          </reporter-output>
        </test-method> <!-- verifyInvalidLogin -->
        <test-method is-config="true" signature="tearDwon()[pri:0, instance:tests.LoginPageTest@67c27493]" started-at="2023-02-14T17:20:54 IST" name="tearDwon" finished-at="2023-02-14T17:20:54 IST" duration-ms="183" status="PASS">
          <reporter-output>
          </reporter-output>
        </test-method> <!-- tearDwon -->
        <test-method is-config="true" signature="setUp()[pri:0, instance:tests.LoginPageTest@67c27493]" started-at="2023-02-14T17:20:54 IST" name="setUp" finished-at="2023-02-14T17:21:26 IST" duration-ms="32367" status="PASS">
          <reporter-output>
          </reporter-output>
        </test-method> <!-- setUp -->
        <test-method signature="verifyInvalidLogin(java.lang.String,java.lang.String)[pri:0, instance:tests.LoginPageTest@67c27493]" started-at="2023-02-14T17:21:26 IST" name="verifyInvalidLogin" data-provider="getCredentials" finished-at="2023-02-14T17:21:31 IST" duration-ms="4327" status="PASS">
          <params>
            <param index="0">
              <value>
                <![CDATA[abc]]>
              </value>
            </param>
            <param index="1">
              <value>
                <![CDATA[ ]]>
              </value>
            </param>
          </params>
          <reporter-output>
          </reporter-output>
        </test-method> <!-- verifyInvalidLogin -->
        <test-method is-config="true" signature="tearDwon()[pri:0, instance:tests.LoginPageTest@67c27493]" started-at="2023-02-14T17:21:31 IST" name="tearDwon" finished-at="2023-02-14T17:21:31 IST" duration-ms="675" status="PASS">
          <reporter-output>
          </reporter-output>
        </test-method> <!-- tearDwon -->
        <test-method is-config="true" signature="setUp()[pri:0, instance:tests.LoginPageTest@67c27493]" started-at="2023-02-14T17:21:31 IST" name="setUp" finished-at="2023-02-14T17:21:59 IST" duration-ms="27892" status="PASS">
          <reporter-output>
          </reporter-output>
        </test-method> <!-- setUp -->
        <test-method signature="verifyInvalidLogin(java.lang.String,java.lang.String)[pri:0, instance:tests.LoginPageTest@67c27493]" started-at="2023-02-14T17:21:59 IST" name="verifyInvalidLogin" data-provider="getCredentials" finished-at="2023-02-14T17:22:01 IST" duration-ms="1353" status="PASS">
          <params>
            <param index="0">
              <value>
                <![CDATA[ ]]>
              </value>
            </param>
            <param index="1">
              <value>
                <![CDATA[abc]]>
              </value>
            </param>
          </params>
          <reporter-output>
          </reporter-output>
        </test-method> <!-- verifyInvalidLogin -->
        <test-method is-config="true" signature="tearDwon()[pri:0, instance:tests.LoginPageTest@67c27493]" started-at="2023-02-14T17:22:01 IST" name="tearDwon" finished-at="2023-02-14T17:22:01 IST" duration-ms="118" status="PASS">
          <reporter-output>
          </reporter-output>
        </test-method> <!-- tearDwon -->
      </class> <!-- tests.LoginPageTest -->
    </test> <!-- Default test -->
  </suite> <!-- Default suite -->
</testng-results>
